<?xml version='1.0' encoding='utf-8' standalone='yes' ?><testsuites><testsuite name="com.imano.tests.UserValidationTestcases"><testcase classname="com.imano.tests.UserValidationTestcases" name="testAndroidTestCaseSetupProperly" time="0.003" /><testcase classname="com.imano.tests.UserValidationTestcases" name="testPasswordLength" time="0.000" /><testcase classname="com.imano.tests.UserValidationTestcases" name="testUsernameLength" time="0.000" /></testsuite></testsuites>